# JRE version: OpenJDK Runtime Environment (8.0_242-b01) (build 1.8.0_242-release-1644-b01)
# Java VM: OpenJDK 64-Bit Server VM (25.242-b01 mixed mode windows-amd64 compressed oops)
Heap:
 PSYoungGen      total 466432K, used 4399K [0x00000000e0000000, 0x0000000100000000, 0x0000000100000000)
  eden space 406528K, 0% used [0x00000000e0000000,0x00000000e0000000,0x00000000f8d00000)
  from space 59904K, 7% used [0x00000000fc580000,0x00000000fc9cbdd8,0x0000000100000000)
  to   space 57856K, 0% used [0x00000000f8d00000,0x00000000f8d00000,0x00000000fc580000)
 ParOldGen       total 410112K, used 394491K [0x00000000a0000000, 0x00000000b9080000, 0x00000000e0000000)
  object space 410112K, 96% used [0x00000000a0000000,0x00000000b813ecf0,0x00000000b9080000)
 Metaspace       used 119113K, capacity 126942K, committed 127144K, reserved 1159168K
  class space    used 15143K, capacity 16684K, committed 16808K, reserved 1048576K
GC Heap History (10 events):
Event: 7179.574 GC heap after
Heap after GC invocations=98 (full 10):
 PSYoungGen      total 450560K, used 12766K [0x00000000e0000000, 0x00000000ff580000, 0x0000000100000000)
  eden space 391680K, 0% used [0x00000000e0000000,0x00000000e0000000,0x00000000f7e80000)
  from space 58880K, 21% used [0x00000000fbc00000,0x00000000fc8779b8,0x00000000ff580000)
  to   space 60928K, 0% used [0x00000000f7e80000,0x00000000f7e80000,0x00000000fba00000)
 ParOldGen       total 410112K, used 346803K [0x00000000a0000000, 0x00000000b9080000, 0x00000000e0000000)
  object space 410112K, 84% used [0x00000000a0000000,0x00000000b52acc90,0x00000000b9080000)
 Metaspace       used 119108K, capacity 126942K, committed 127144K, reserved 1159168K
  class space    used 15143K, capacity 16684K, committed 16808K, reserved 1048576K
}
Event: 7180.941 GC heap before
{Heap before GC invocations=99 (full 10):
 PSYoungGen      total 450560K, used 404446K [0x00000000e0000000, 0x00000000ff580000, 0x0000000100000000)
  eden space 391680K, 100% used [0x00000000e0000000,0x00000000f7e80000,0x00000000f7e80000)
  from space 58880K, 21% used [0x00000000fbc00000,0x00000000fc8779b8,0x00000000ff580000)
  to   space 60928K, 0% used [0x00000000f7e80000,0x00000000f7e80000,0x00000000fba00000)
 ParOldGen       total 410112K, used 346803K [0x00000000a0000000, 0x00000000b9080000, 0x00000000e0000000)
  object space 410112K, 84% used [0x00000000a0000000,0x00000000b52acc90,0x00000000b9080000)
 Metaspace       used 119109K, capacity 126942K, committed 127144K, reserved 1159168K
  class space    used 15143K, capacity 16684K, committed 16808K, reserved 1048576K
Event: 7180.979 GC heap after
Heap after GC invocations=99 (full 10):
 PSYoungGen      total 452608K, used 1504K [0x00000000e0000000, 0x00000000ffe00000, 0x0000000100000000)
  eden space 391680K, 0% used [0x00000000e0000000,0x00000000e0000000,0x00000000f7e80000)
  from space 60928K, 2% used [0x00000000f7e80000,0x00000000f7ff8000,0x00000000fba00000)
  to   space 58880K, 0% used [0x00000000fc480000,0x00000000fc480000,0x00000000ffe00000)
 ParOldGen       total 410112K, used 356965K [0x00000000a0000000, 0x00000000b9080000, 0x00000000e0000000)
  object space 410112K, 87% used [0x00000000a0000000,0x00000000b5c996c8,0x00000000b9080000)
 Metaspace       used 119109K, capacity 126942K, committed 127144K, reserved 1159168K
  class space    used 15143K, capacity 16684K, committed 16808K, reserved 1048576K
}
Event: 7181.916 GC heap before
{Heap before GC invocations=100 (full 10):
 PSYoungGen      total 452608K, used 393184K [0x00000000e0000000, 0x00000000ffe00000, 0x0000000100000000)
  eden space 391680K, 100% used [0x00000000e0000000,0x00000000f7e80000,0x00000000f7e80000)
  from space 60928K, 2% used [0x00000000f7e80000,0x00000000f7ff8000,0x00000000fba00000)
  to   space 58880K, 0% used [0x00000000fc480000,0x00000000fc480000,0x00000000ffe00000)
 ParOldGen       total 410112K, used 356965K [0x00000000a0000000, 0x00000000b9080000, 0x00000000e0000000)
  object space 410112K, 87% used [0x00000000a0000000,0x00000000b5c996c8,0x00000000b9080000)
 Metaspace       used 119110K, capacity 126942K, committed 127144K, reserved 1159168K
  class space    used 15143K, capacity 16684K, committed 16808K, reserved 1048576K
Event: 7181.942 GC heap after
Heap after GC invocations=100 (full 10):
 PSYoungGen      total 457216K, used 7577K [0x00000000e0000000, 0x00000000ff800000, 0x0000000100000000)
  eden space 404480K, 0% used [0x00000000e0000000,0x00000000e0000000,0x00000000f8b00000)
  from space 52736K, 14% used [0x00000000fc480000,0x00000000fcbe6620,0x00000000ff800000)
  to   space 55808K, 0% used [0x00000000f8b00000,0x00000000f8b00000,0x00000000fc180000)
 ParOldGen       total 410112K, used 357416K [0x00000000a0000000, 0x00000000b9080000, 0x00000000e0000000)
  object space 410112K, 87% used [0x00000000a0000000,0x00000000b5d0a318,0x00000000b9080000)
 Metaspace       used 119110K, capacity 126942K, committed 127144K, reserved 1159168K
  class space    used 15143K, capacity 16684K, committed 16808K, reserved 1048576K
}
Event: 7184.944 GC heap before
{Heap before GC invocations=101 (full 10):
 PSYoungGen      total 457216K, used 412057K [0x00000000e0000000, 0x00000000ff800000, 0x0000000100000000)
  eden space 404480K, 100% used [0x00000000e0000000,0x00000000f8b00000,0x00000000f8b00000)
  from space 52736K, 14% used [0x00000000fc480000,0x00000000fcbe6620,0x00000000ff800000)
  to   space 55808K, 0% used [0x00000000f8b00000,0x00000000f8b00000,0x00000000fc180000)
 ParOldGen       total 410112K, used 357416K [0x00000000a0000000, 0x00000000b9080000, 0x00000000e0000000)
  object space 410112K, 87% used [0x00000000a0000000,0x00000000b5d0a318,0x00000000b9080000)
 Metaspace       used 119111K, capacity 126942K, committed 127144K, reserved 1159168K
  class space    used 15143K, capacity 16684K, committed 16808K, reserved 1048576K
Event: 7186.247 GC heap after
Heap after GC invocations=101 (full 10):
 PSYoungGen      total 460288K, used 37051K [0x00000000e0000000, 0x0000000100000000, 0x0000000100000000)
  eden space 404480K, 0% used [0x00000000e0000000,0x00000000e0000000,0x00000000f8b00000)
  from space 55808K, 66% used [0x00000000f8b00000,0x00000000faf2edf8,0x00000000fc180000)
  to   space 59904K, 0% used [0x00000000fc580000,0x00000000fc580000,0x0000000100000000)
 ParOldGen       total 410112K, used 360307K [0x00000000a0000000, 0x00000000b9080000, 0x00000000e0000000)
  object space 410112K, 87% used [0x00000000a0000000,0x00000000b5fdcf00,0x00000000b9080000)
 Metaspace       used 119111K, capacity 126942K, committed 127144K, reserved 1159168K
  class space    used 15143K, capacity 16684K, committed 16808K, reserved 1048576K
}
Event: 7187.245 GC heap before
{Heap before GC invocations=102 (full 10):
 PSYoungGen      total 460288K, used 441531K [0x00000000e0000000, 0x0000000100000000, 0x0000000100000000)
  eden space 404480K, 100% used [0x00000000e0000000,0x00000000f8b00000,0x00000000f8b00000)
  from space 55808K, 66% used [0x00000000f8b00000,0x00000000faf2edf8,0x00000000fc180000)
  to   space 59904K, 0% used [0x00000000fc580000,0x00000000fc580000,0x0000000100000000)
 ParOldGen       total 410112K, used 360307K [0x00000000a0000000, 0x00000000b9080000, 0x00000000e0000000)
  object space 410112K, 87% used [0x00000000a0000000,0x00000000b5fdcf00,0x00000000b9080000)
 Metaspace       used 119113K, capacity 126942K, committed 127144K, reserved 1159168K
  class space    used 15143K, capacity 16684K, committed 16808K, reserved 1048576K
Event: 7188.087 GC heap after
Heap after GC invocations=102 (full 10):
 PSYoungGen      total 466432K, used 4399K [0x00000000e0000000, 0x0000000100000000, 0x0000000100000000)
  eden space 406528K, 0% used [0x00000000e0000000,0x00000000e0000000,0x00000000f8d00000)
  from space 59904K, 7% used [0x00000000fc580000,0x00000000fc9cbdd8,0x0000000100000000)
  to   space 57856K, 0% used [0x00000000f8d00000,0x00000000f8d00000,0x00000000fc580000)
 ParOldGen       total 410112K, used 394491K [0x00000000a0000000, 0x00000000b9080000, 0x00000000e0000000)
  object space 410112K, 96% used [0x00000000a0000000,0x00000000b813ecf0,0x00000000b9080000)
 Metaspace       used 119113K, capacity 126942K, committed 127144K, reserved 1159168K
  class space    used 15143K, capacity 16684K, committed 16808K, reserved 1048576K
}
Event: 7188.292 GC heap before
{Heap before GC invocations=103 (full 11):
 PSYoungGen      total 466432K, used 4399K [0x00000000e0000000, 0x0000000100000000, 0x0000000100000000)
  eden space 406528K, 0% used [0x00000000e0000000,0x00000000e0000000,0x00000000f8d00000)
  from space 59904K, 7% used [0x00000000fc580000,0x00000000fc9cbdd8,0x0000000100000000)
  to   space 57856K, 0% used [0x00000000f8d00000,0x00000000f8d00000,0x00000000fc580000)
 ParOldGen       total 410112K, used 394491K [0x00000000a0000000, 0x00000000b9080000, 0x00000000e0000000)
  object space 410112K, 96% used [0x00000000a0000000,0x00000000b813ecf0,0x00000000b9080000)
 Metaspace       used 119113K, capacity 126942K, committed 127144K, reserved 1159168K
  class space    used 15143K, capacity 16684K, committed 16808K, reserved 1048576K

