# JRE version: OpenJDK Runtime Environment (8.0_242-b01) (build 1.8.0_242-release-1644-b01)
# Java VM: OpenJDK 64-Bit Server VM (25.242-b01 mixed mode windows-amd64 compressed oops)
Heap:
 PSYoungGen      total 432128K, used 150375K [0x00000000e0000000, 0x0000000100000000, 0x0000000100000000)
  eden space 339968K, 42% used [0x00000000e0000000,0x00000000e8b85150,0x00000000f4c00000)
  from space 92160K, 8% used [0x00000000f4c00000,0x00000000f5354ad0,0x00000000fa600000)
  to   space 89088K, 0% used [0x00000000fa900000,0x00000000fa900000,0x0000000100000000)
 ParOldGen       total 474624K, used 282013K [0x00000000a0000000, 0x00000000bcf80000, 0x00000000e0000000)
  object space 474624K, 59% used [0x00000000a0000000,0x00000000b13675b0,0x00000000bcf80000)
 Metaspace       used 115951K, capacity 126042K, committed 126376K, reserved 1159168K
  class space    used 14660K, capacity 16467K, committed 16560K, reserved 1048576K
GC Heap History (10 events):
Event: 5861.463 GC heap before
{Heap before GC invocations=184 (full 14):
 PSYoungGen      total 501760K, used 482043K [0x00000000e0000000, 0x0000000100000000, 0x0000000100000000)
  eden space 479744K, 100% used [0x00000000e0000000,0x00000000fd480000,0x00000000fd480000)
  from space 22016K, 10% used [0x00000000fd480000,0x00000000fd6bedd0,0x00000000fea00000)
  to   space 21504K, 0% used [0x00000000feb00000,0x00000000feb00000,0x0000000100000000)
 ParOldGen       total 267776K, used 153961K [0x00000000a0000000, 0x00000000b0580000, 0x00000000e0000000)
  object space 267776K, 57% used [0x00000000a0000000,0x00000000a965a610,0x00000000b0580000)
 Metaspace       used 115781K, capacity 125642K, committed 125864K, reserved 1159168K
  class space    used 14647K, capacity 16443K, committed 16560K, reserved 1048576K
Event: 5861.544 GC heap after
Heap after GC invocations=184 (full 14):
 PSYoungGen      total 461824K, used 21497K [0x00000000e0000000, 0x0000000100000000, 0x0000000100000000)
  eden space 440320K, 0% used [0x00000000e0000000,0x00000000e0000000,0x00000000fae00000)
  from space 21504K, 99% used [0x00000000feb00000,0x00000000ffffe4c8,0x0000000100000000)
  to   space 41984K, 0% used [0x00000000fae00000,0x00000000fae00000,0x00000000fd700000)
 ParOldGen       total 267776K, used 199579K [0x00000000a0000000, 0x00000000b0580000, 0x00000000e0000000)
  object space 267776K, 74% used [0x00000000a0000000,0x00000000ac2e6fa0,0x00000000b0580000)
 Metaspace       used 115781K, capacity 125642K, committed 125864K, reserved 1159168K
  class space    used 14647K, capacity 16443K, committed 16560K, reserved 1048576K
}
Event: 5864.138 GC heap before
{Heap before GC invocations=185 (full 14):
 PSYoungGen      total 461824K, used 461817K [0x00000000e0000000, 0x0000000100000000, 0x0000000100000000)
  eden space 440320K, 100% used [0x00000000e0000000,0x00000000fae00000,0x00000000fae00000)
  from space 21504K, 99% used [0x00000000feb00000,0x00000000ffffe4c8,0x0000000100000000)
  to   space 41984K, 0% used [0x00000000fae00000,0x00000000fae00000,0x00000000fd700000)
 ParOldGen       total 267776K, used 199579K [0x00000000a0000000, 0x00000000b0580000, 0x00000000e0000000)
  object space 267776K, 74% used [0x00000000a0000000,0x00000000ac2e6fa0,0x00000000b0580000)
 Metaspace       used 115784K, capacity 125654K, committed 125864K, reserved 1159168K
  class space    used 14648K, capacity 16445K, committed 16560K, reserved 1048576K
Event: 5864.737 GC heap after
Heap after GC invocations=185 (full 14):
 PSYoungGen      total 482304K, used 41977K [0x00000000e0000000, 0x0000000100000000, 0x0000000100000000)
  eden space 440320K, 0% used [0x00000000e0000000,0x00000000e0000000,0x00000000fae00000)
  from space 41984K, 99% used [0x00000000fae00000,0x00000000fd6fe6e8,0x00000000fd700000)
  to   space 41984K, 0% used [0x00000000fd700000,0x00000000fd700000,0x0000000100000000)
 ParOldGen       total 328192K, used 327772K [0x00000000a0000000, 0x00000000b4080000, 0x00000000e0000000)
  object space 328192K, 99% used [0x00000000a0000000,0x00000000b4017200,0x00000000b4080000)
 Metaspace       used 115784K, capacity 125654K, committed 125864K, reserved 1159168K
  class space    used 14648K, capacity 16445K, committed 16560K, reserved 1048576K
}
Event: 5864.737 GC heap before
{Heap before GC invocations=186 (full 15):
 PSYoungGen      total 482304K, used 41977K [0x00000000e0000000, 0x0000000100000000, 0x0000000100000000)
  eden space 440320K, 0% used [0x00000000e0000000,0x00000000e0000000,0x00000000fae00000)
  from space 41984K, 99% used [0x00000000fae00000,0x00000000fd6fe6e8,0x00000000fd700000)
  to   space 41984K, 0% used [0x00000000fd700000,0x00000000fd700000,0x0000000100000000)
 ParOldGen       total 328192K, used 327772K [0x00000000a0000000, 0x00000000b4080000, 0x00000000e0000000)
  object space 328192K, 99% used [0x00000000a0000000,0x00000000b4017200,0x00000000b4080000)
 Metaspace       used 115784K, capacity 125654K, committed 125864K, reserved 1159168K
  class space    used 14648K, capacity 16445K, committed 16560K, reserved 1048576K
Event: 5873.221 GC heap after
Heap after GC invocations=186 (full 15):
 PSYoungGen      total 482304K, used 0K [0x00000000e0000000, 0x0000000100000000, 0x0000000100000000)
  eden space 440320K, 0% used [0x00000000e0000000,0x00000000e0000000,0x00000000fae00000)
  from space 41984K, 0% used [0x00000000fae00000,0x00000000fae00000,0x00000000fd700000)
  to   space 41984K, 0% used [0x00000000fd700000,0x00000000fd700000,0x0000000100000000)
 ParOldGen       total 474624K, used 282013K [0x00000000a0000000, 0x00000000bcf80000, 0x00000000e0000000)
  object space 474624K, 59% used [0x00000000a0000000,0x00000000b13675b0,0x00000000bcf80000)
 Metaspace       used 115784K, capacity 125654K, committed 125864K, reserved 1159168K
  class space    used 14648K, capacity 16445K, committed 16560K, reserved 1048576K
}
Event: 5874.735 GC heap before
{Heap before GC invocations=187 (full 15):
 PSYoungGen      total 482304K, used 440320K [0x00000000e0000000, 0x0000000100000000, 0x0000000100000000)
  eden space 440320K, 100% used [0x00000000e0000000,0x00000000fae00000,0x00000000fae00000)
  from space 41984K, 0% used [0x00000000fae00000,0x00000000fae00000,0x00000000fd700000)
  to   space 41984K, 0% used [0x00000000fd700000,0x00000000fd700000,0x0000000100000000)
 ParOldGen       total 474624K, used 282013K [0x00000000a0000000, 0x00000000bcf80000, 0x00000000e0000000)
  object space 474624K, 59% used [0x00000000a0000000,0x00000000b13675b0,0x00000000bcf80000)
 Metaspace       used 115788K, capacity 125654K, committed 125864K, reserved 1159168K
  class space    used 14648K, capacity 16445K, committed 16560K, reserved 1048576K
Event: 5874.770 GC heap after
Heap after GC invocations=187 (full 15):
 PSYoungGen      total 381952K, used 19705K [0x00000000e0000000, 0x0000000100000000, 0x0000000100000000)
  eden space 339968K, 0% used [0x00000000e0000000,0x00000000e0000000,0x00000000f4c00000)
  from space 41984K, 46% used [0x00000000fd700000,0x00000000fea3e478,0x0000000100000000)
  to   space 92160K, 0% used [0x00000000f4c00000,0x00000000f4c00000,0x00000000fa600000)
 ParOldGen       total 474624K, used 282013K [0x00000000a0000000, 0x00000000bcf80000, 0x00000000e0000000)
  object space 474624K, 59% used [0x00000000a0000000,0x00000000b13675b0,0x00000000bcf80000)
 Metaspace       used 115788K, capacity 125654K, committed 125864K, reserved 1159168K
  class space    used 14648K, capacity 16445K, committed 16560K, reserved 1048576K
}
Event: 5877.266 GC heap before
{Heap before GC invocations=188 (full 15):
 PSYoungGen      total 381952K, used 352000K [0x00000000e0000000, 0x0000000100000000, 0x0000000100000000)
  eden space 339968K, 97% used [0x00000000e0000000,0x00000000f4481d20,0x00000000f4c00000)
  from space 41984K, 46% used [0x00000000fd700000,0x00000000fea3e478,0x0000000100000000)
  to   space 92160K, 0% used [0x00000000f4c00000,0x00000000f4c00000,0x00000000fa600000)
 ParOldGen       total 474624K, used 282013K [0x00000000a0000000, 0x00000000bcf80000, 0x00000000e0000000)
  object space 474624K, 59% used [0x00000000a0000000,0x00000000b13675b0,0x00000000bcf80000)
 Metaspace       used 115840K, capacity 125786K, committed 126120K, reserved 1159168K
  class space    used 14660K, capacity 16467K, committed 16560K, reserved 1048576K
Event: 5877.290 GC heap after
Heap after GC invocations=188 (full 15):
 PSYoungGen      total 432128K, used 7506K [0x00000000e0000000, 0x0000000100000000, 0x0000000100000000)
  eden space 339968K, 0% used [0x00000000e0000000,0x00000000e0000000,0x00000000f4c00000)
  from space 92160K, 8% used [0x00000000f4c00000,0x00000000f5354ad0,0x00000000fa600000)
  to   space 89088K, 0% used [0x00000000fa900000,0x00000000fa900000,0x0000000100000000)
 ParOldGen       total 474624K, used 282013K [0x00000000a0000000, 0x00000000bcf80000, 0x00000000e0000000)
  object space 474624K, 59% used [0x00000000a0000000,0x00000000b13675b0,0x00000000bcf80000)
 Metaspace       used 115840K, capacity 125786K, committed 126120K, reserved 1159168K
  class space    used 14660K, capacity 16467K, committed 16560K, reserved 1048576K
}

